mode: set
github.com/hkohlsaat/vtr/model/user.go:22.38,26.2 3 1
github.com/hkohlsaat/vtr/model/user.go:28.43,30.16 2 1
github.com/hkohlsaat/vtr/model/user.go:33.2,34.17 2 1
github.com/hkohlsaat/vtr/model/user.go:30.16,32.3 1 0
github.com/hkohlsaat/vtr/model/user.go:37.26,39.2 1 1
github.com/hkohlsaat/vtr/model/user.go:41.58,44.32 3 1
github.com/hkohlsaat/vtr/model/user.go:44.32,46.17 2 1
github.com/hkohlsaat/vtr/model/user.go:46.17,49.4 2 0
github.com/hkohlsaat/vtr/model/user.go:49.4,52.4 2 1
github.com/hkohlsaat/vtr/model/user.go:53.3,55.3 1 0
github.com/hkohlsaat/vtr/model/user.go:58.28,60.2 1 1
github.com/hkohlsaat/vtr/model/user.go:62.51,64.16 2 1
github.com/hkohlsaat/vtr/model/user.go:67.2,68.15 2 1
github.com/hkohlsaat/vtr/model/user.go:64.16,66.3 1 0
github.com/hkohlsaat/vtr/model/user.go:71.28,73.2 1 1
github.com/hkohlsaat/vtr/model/database.go:12.13,15.16 3 1
github.com/hkohlsaat/vtr/model/database.go:19.2,19.30 1 1
github.com/hkohlsaat/vtr/model/database.go:15.16,17.3 1 0
github.com/hkohlsaat/vtr/model/database.go:19.30,23.3 3 1
github.com/hkohlsaat/vtr/model/session.go:14.13,16.16 2 1
github.com/hkohlsaat/vtr/model/session.go:19.2,19.104 1 1
github.com/hkohlsaat/vtr/model/session.go:16.16,18.3 1 0
github.com/hkohlsaat/vtr/model/session.go:36.58,42.2 5 1
github.com/hkohlsaat/vtr/model/session.go:44.64,50.8 4 1
github.com/hkohlsaat/vtr/model/session.go:59.2,59.25 1 1
github.com/hkohlsaat/vtr/model/session.go:50.8,52.43 1 1
github.com/hkohlsaat/vtr/model/session.go:52.43,54.4 1 1
github.com/hkohlsaat/vtr/model/session.go:54.4,56.4 1 1
github.com/hkohlsaat/vtr/model/session.go:62.54,65.8 3 1
github.com/hkohlsaat/vtr/model/session.go:68.2,68.16 1 1
github.com/hkohlsaat/vtr/model/session.go:65.8,67.3 1 1
github.com/hkohlsaat/vtr/model/session.go:71.44,73.6 2 1
github.com/hkohlsaat/vtr/model/session.go:84.2,84.12 1 1
github.com/hkohlsaat/vtr/model/session.go:73.6,76.17 3 1
github.com/hkohlsaat/vtr/model/session.go:79.3,80.40 2 1
github.com/hkohlsaat/vtr/model/session.go:76.17,78.4 1 0
github.com/hkohlsaat/vtr/model/session.go:80.40,81.9 1 1
github.com/hkohlsaat/vtr/model/subject.go:9.34,10.28 1 1
github.com/hkohlsaat/vtr/model/subject.go:10.28,12.3 1 1
github.com/hkohlsaat/vtr/model/subject.go:15.32,18.40 3 1
github.com/hkohlsaat/vtr/model/subject.go:18.40,20.3 1 1
github.com/hkohlsaat/vtr/model/subject.go:23.34,25.2 1 1
github.com/hkohlsaat/vtr/model/subject.go:27.34,29.2 1 1
github.com/hkohlsaat/vtr/model/teacher.go:9.34,10.28 1 1
github.com/hkohlsaat/vtr/model/teacher.go:10.28,12.3 1 1
github.com/hkohlsaat/vtr/model/teacher.go:15.32,18.40 3 1
github.com/hkohlsaat/vtr/model/teacher.go:18.40,20.3 1 1
github.com/hkohlsaat/vtr/model/teacher.go:23.34,25.2 1 1
github.com/hkohlsaat/vtr/model/teacher.go:27.34,29.2 1 1
